[ 2017-04-21T15:28:18+08:00 ] 127.0.0.1 127.0.0.1 GET /liupeng/fruits/fruits/public/assets/js/jquery-ui-1.10.3.custom.min.js
[ log ] www.peng.com/liupeng/fruits/fruits/public/assets/js/jquery-ui-1.10.3.custom.min.js [运行时间：0.105006s][吞吐率：9.52req/s] [内存消耗：915.63kb] [文件加载：29]
[ info ] [ ROUTE ] array (
  'type' => 'module',
  'module' => 
  array (
    0 => 'liupeng',
    1 => 'fruits',
    2 => 'fruits',
  ),
)
[ info ] [ HEADER ] array (
  'host' => 'www.peng.com',
  'user-agent' => 'Mozilla/5.0 (Windows NT 6.1; Win64; x64; rv:52.0) Gecko/20100101 Firefox/52.0',
  'accept' => '*/*',
  'accept-language' => 'zh-CN,zh;q=0.8,en-US;q=0.5,en;q=0.3',
  'accept-encoding' => 'gzip, deflate',
  'referer' => 'http://www.peng.com/liupeng/fruits/fruits/public/index.php/index/activty/act_add.html',
  'cookie' => 'PHPSESSID=qsk1qeg00tmanaoqoh3kf29cs4; think_var=zh-cn',
  'connection' => 'keep-alive',
)
[ info ] [ PARAM ] array (
  '/assets/js/jquery-ui-1_10_3_custom_min_js' => '',
  'public' => 'assets',
  'js' => 'jquery-ui-1.10.3.custom.min.js',
)
[ info ] [ LANG ] E:\study\HHH\liupeng\fruits\fruits\framework\lang\zh-cn.php
[ info ] [ LOG ] INIT File

---------------------------------------------------------------
[ 2017-04-21T15:28:18+08:00 ] 127.0.0.1 127.0.0.1 GET /liupeng/fruits/fruits/public/assets/js/chosen.jquery.min.js
[ log ] www.peng.com/liupeng/fruits/fruits/public/assets/js/chosen.jquery.min.js [运行时间：0.035002s][吞吐率：28.57req/s] [内存消耗：915.65kb] [文件加载：29]
[ info ] [ ROUTE ] array (
  'type' => 'module',
  'module' => 
  array (
    0 => 'liupeng',
    1 => 'fruits',
    2 => 'fruits',
  ),
)
[ info ] [ HEADER ] array (
  'host' => 'www.peng.com',
  'user-agent' => 'Mozilla/5.0 (Windows NT 6.1; Win64; x64; rv:52.0) Gecko/20100101 Firefox/52.0',
  'accept' => '*/*',
  'accept-language' => 'zh-CN,zh;q=0.8,en-US;q=0.5,en;q=0.3',
  'accept-encoding' => 'gzip, deflate',
  'referer' => 'http://www.peng.com/liupeng/fruits/fruits/public/index.php/index/activty/act_add.html',
  'cookie' => 'PHPSESSID=qsk1qeg00tmanaoqoh3kf29cs4; think_var=zh-cn',
  'connection' => 'keep-alive',
)
[ info ] [ PARAM ] array (
  '/assets/js/chosen_jquery_min_js' => '',
  'public' => 'assets',
  'js' => 'chosen.jquery.min.js',
)
[ info ] [ LANG ] E:\study\HHH\liupeng\fruits\fruits\framework\lang\zh-cn.php
[ info ] [ LOG ] INIT File

---------------------------------------------------------------
