[ 2017-04-22T10:04:16+08:00 ] ::1 ::1 GET /github/fruits/fruits/public/
[ log ] localhost/github/fruits/fruits/public/ [运行时间：0.681562s][吞吐率：1.47req/s] [内存消耗：1,103.73kb] [文件加载：32]
[ info ] [ ROUTE ] array (
  'type' => 'module',
  'module' => 
  array (
    0 => '',
    1 => NULL,
    2 => NULL,
  ),
)
[ info ] [ HEADER ] array (
  'host' => 'localhost',
  'user-agent' => 'Mozilla/5.0 (Windows NT 10.0; Win64; x64; rv:52.0) Gecko/20100101 Firefox/52.0',
  'accept' => 'text/html,application/xhtml+xml,application/xml;q=0.9,*/*;q=0.8',
  'accept-language' => 'zh-CN,zh;q=0.8,en-US;q=0.5,en;q=0.3',
  'accept-encoding' => 'gzip, deflate',
  'referer' => 'http://localhost/github/fruits/fruits/',
  'connection' => 'keep-alive',
  'upgrade-insecure-requests' => '1',
)
[ info ] [ PARAM ] array (
)
[ info ] [ RUN ] Method [ <user> public method index ] {
  @@ F:\soft\phpStudy\WWW\github\fruits\fruits\application\index\controller\Index.php 7 - 12
}

[ info ] [ VIEW ] F:\soft\phpStudy\WWW\github\fruits\fruits\public/../application/index\view\index\index.html [ array (
) ]
[ info ] [ LOG ] INIT File

---------------------------------------------------------------
[ 2017-04-22T10:04:37+08:00 ] ::1 ::1 GET /github/fruits/fruits/public/index.php/home/fruits/index
[ log ] localhost/github/fruits/fruits/public/index.php/home/fruits/index [运行时间：0.989794s][吞吐率：1.01req/s] [内存消耗：1,877.24kb] [文件加载：41]
[ info ] [ ROUTE ] array (
  'type' => 'module',
  'module' => 
  array (
    0 => 'home',
    1 => 'fruits',
    2 => 'index',
  ),
)
[ info ] [ HEADER ] array (
  'host' => 'localhost',
  'user-agent' => 'Mozilla/5.0 (Windows NT 10.0; Win64; x64; rv:52.0) Gecko/20100101 Firefox/52.0',
  'accept' => 'text/html,application/xhtml+xml,application/xml;q=0.9,*/*;q=0.8',
  'accept-language' => 'zh-CN,zh;q=0.8,en-US;q=0.5,en;q=0.3',
  'accept-encoding' => 'gzip, deflate',
  'connection' => 'keep-alive',
  'upgrade-insecure-requests' => '1',
)
[ info ] [ PARAM ] array (
)
[ info ] [ RUN ] Method [ <user> public method index ] {
  @@ F:\soft\phpStudy\WWW\github\fruits\fruits\application\home\controller\Fruits.php 10 - 26
}

[ info ] [ DB ] INIT mysql
[ info ] [ VIEW ] F:\soft\phpStudy\WWW\github\fruits\fruits\public/../application/home\view\fruits\index.html [ array (
  0 => 'arr',
  1 => 'a',
) ]
[ info ] [ SESSION ] INIT array (
  'id' => '',
  'var_session_id' => '',
  'prefix' => '',
  'type' => '',
  'auto_start' => true,
)
[ info ] [ LOG ] INIT File
[ sql ] [ DB ] CONNECT:[ UseTime:0.398288s ] mysql:dbname=fruits;host=101.200.41.87;charset=utf8
[ sql ] [ SQL ] SHOW COLUMNS FROM `sg_fruits` [ RunTime:0.032233s ]
[ sql ] [ SQL ] SELECT * FROM `sg_fruits` WHERE  (  is_show =1 ) ORDER BY f_time desc LIMIT 6   [ RunTime:0.019670s ]

---------------------------------------------------------------
