[ 2017-04-26T09:09:09+08:00 ] ::1 ::1 GET /github/fruits/fruits/public/
[ log ] localhost/github/fruits/fruits/public/ [运行时间：0.481728s][吞吐率：2.08req/s] [内存消耗：1,103.73kb] [文件加载：32]
[ info ] [ ROUTE ] array (
  'type' => 'module',
  'module' => 
  array (
    0 => '',
    1 => NULL,
    2 => NULL,
  ),
)
[ info ] [ HEADER ] array (
  'host' => 'localhost',
  'user-agent' => 'Mozilla/5.0 (Windows NT 10.0; Win64; x64; rv:53.0) Gecko/20100101 Firefox/53.0',
  'accept' => 'text/html,application/xhtml+xml,application/xml;q=0.9,*/*;q=0.8',
  'accept-language' => 'zh-CN,zh;q=0.8,en-US;q=0.5,en;q=0.3',
  'accept-encoding' => 'gzip, deflate',
  'referer' => 'http://localhost/github/fruits/fruits/',
  'connection' => 'keep-alive',
  'upgrade-insecure-requests' => '1',
)
[ info ] [ PARAM ] array (
)
[ info ] [ RUN ] Method [ <user> public method index ] {
  @@ F:\soft\phpStudy\WWW\github\fruits\fruits\application\index\controller\Index.php 7 - 12
}

[ info ] [ VIEW ] F:\soft\phpStudy\WWW\github\fruits\fruits\public/../application/index\view\index\index.html [ array (
) ]
[ info ] [ LOG ] INIT File

---------------------------------------------------------------
[ 2017-04-26T09:09:19+08:00 ] ::1 ::1 GET /github/fruits/fruits/public/index.php/home/user/login
[ log ] localhost/github/fruits/fruits/public/index.php/home/user/login [运行时间：0.082020s][吞吐率：12.19req/s] [内存消耗：1,166.96kb] [文件加载：33]
[ info ] [ ROUTE ] array (
  'type' => 'module',
  'module' => 
  array (
    0 => 'home',
    1 => 'user',
    2 => 'login',
  ),
)
[ info ] [ HEADER ] array (
  'host' => 'localhost',
  'user-agent' => 'Mozilla/5.0 (Windows NT 10.0; Win64; x64; rv:53.0) Gecko/20100101 Firefox/53.0',
  'accept' => 'text/html,application/xhtml+xml,application/xml;q=0.9,*/*;q=0.8',
  'accept-language' => 'zh-CN,zh;q=0.8,en-US;q=0.5,en;q=0.3',
  'accept-encoding' => 'gzip, deflate',
  'connection' => 'keep-alive',
  'upgrade-insecure-requests' => '1',
)
[ info ] [ PARAM ] array (
)
[ info ] [ RUN ] Method [ <user> public method login ] {
  @@ F:\soft\phpStudy\WWW\github\fruits\fruits\application\home\controller\User.php 86 - 109
}

[ info ] [ VIEW ] F:\soft\phpStudy\WWW\github\fruits\fruits\public/../application/home\view\user\login.html [ array (
) ]
[ info ] [ LOG ] INIT File

---------------------------------------------------------------
[ 2017-04-26T09:09:19+08:00 ] ::1 ::1 GET /github/fruits/fruits/public/images/icon_close.png
[ log ] localhost/github/fruits/fruits/public/images/icon_close.png [运行时间：0.289909s][吞吐率：3.45req/s] [内存消耗：916.25kb] [文件加载：29]
[ info ] [ ROUTE ] array (
  'type' => 'module',
  'module' => 
  array (
    0 => 'github',
    1 => 'fruits',
    2 => 'fruits',
  ),
)
[ info ] [ HEADER ] array (
  'host' => 'localhost',
  'user-agent' => 'Mozilla/5.0 (Windows NT 10.0; Win64; x64; rv:53.0) Gecko/20100101 Firefox/53.0',
  'accept' => '*/*',
  'accept-language' => 'zh-CN,zh;q=0.8,en-US;q=0.5,en;q=0.3',
  'accept-encoding' => 'gzip, deflate',
  'referer' => 'http://localhost/github/fruits/fruits/public/index.php/home/user/login',
  'connection' => 'keep-alive',
)
[ info ] [ PARAM ] array (
  '/images/icon_close_png' => '',
  'public' => 'images',
)
[ info ] [ LANG ] F:\soft\phpStudy\WWW\github\fruits\fruits\framework\lang\zh-cn.php
[ info ] [ LOG ] INIT File

---------------------------------------------------------------
[ 2017-04-26T09:09:28+08:00 ] ::1 ::1 POST /github/fruits/fruits/public/index.php/home/user/login.html
[ log ] localhost/github/fruits/fruits/public/index.php/home/user/login.html [运行时间：0.652320s][吞吐率：1.53req/s] [内存消耗：1,832.38kb] [文件加载：41]
[ info ] [ ROUTE ] array (
  'type' => 'module',
  'module' => 
  array (
    0 => 'home',
    1 => 'user',
    2 => 'login',
  ),
)
[ info ] [ HEADER ] array (
  'host' => 'localhost',
  'user-agent' => 'Mozilla/5.0 (Windows NT 10.0; Win64; x64; rv:53.0) Gecko/20100101 Firefox/53.0',
  'accept' => 'text/html,application/xhtml+xml,application/xml;q=0.9,*/*;q=0.8',
  'accept-language' => 'zh-CN,zh;q=0.8,en-US;q=0.5,en;q=0.3',
  'accept-encoding' => 'gzip, deflate',
  'referer' => 'http://localhost/github/fruits/fruits/public/index.php/home/user/login',
  'cookie' => 'think_var=zh-cn',
  'connection' => 'keep-alive',
  'upgrade-insecure-requests' => '1',
  'content-type' => 'application/x-www-form-urlencoded',
  'content-length' => '24',
)
[ info ] [ PARAM ] array (
  'u_name' => 'chen',
  'u_pwd' => '123321',
)
[ info ] [ RUN ] Method [ <user> public method login ] {
  @@ F:\soft\phpStudy\WWW\github\fruits\fruits\application\home\controller\User.php 86 - 109
}

[ info ] [ DB ] INIT mysql
[ info ] [ SESSION ] INIT array (
  'id' => '',
  'var_session_id' => '',
  'prefix' => '',
  'type' => '',
  'auto_start' => true,
)
[ info ] [ LOG ] INIT File
[ sql ] [ DB ] CONNECT:[ UseTime:0.106417s ] mysql:dbname=fruits;host=101.200.41.87;charset=utf8
[ sql ] [ SQL ] SHOW COLUMNS FROM `sg_user` [ RunTime:0.051210s ]
[ sql ] [ SQL ] SELECT * FROM `sg_user` WHERE  `u_name` = 'chen'  AND `u_pwd` = '123321' LIMIT 1     [ RunTime:0.046352s ]
[ sql ] [ SQL ] SELECT * FROM `sg_user` WHERE  `u_tel` = 'chen'  AND `u_pwd` = '123321' LIMIT 1     [ RunTime:0.047430s ]

---------------------------------------------------------------
[ 2017-04-26T09:09:29+08:00 ] ::1 ::1 GET /github/fruits/fruits/public/index.php/home/userinfo/user.html
[ log ] localhost/github/fruits/fruits/public/index.php/home/userinfo/user.html [运行时间：0.177868s][吞吐率：5.62req/s] [内存消耗：1,821.30kb] [文件加载：41]
[ info ] [ ROUTE ] array (
  'type' => 'module',
  'module' => 
  array (
    0 => 'home',
    1 => 'userinfo',
    2 => 'user',
  ),
)
[ info ] [ HEADER ] array (
  'host' => 'localhost',
  'user-agent' => 'Mozilla/5.0 (Windows NT 10.0; Win64; x64; rv:53.0) Gecko/20100101 Firefox/53.0',
  'accept' => 'text/html,application/xhtml+xml,application/xml;q=0.9,*/*;q=0.8',
  'accept-language' => 'zh-CN,zh;q=0.8,en-US;q=0.5,en;q=0.3',
  'accept-encoding' => 'gzip, deflate',
  'referer' => 'http://localhost/github/fruits/fruits/public/index.php/home/user/login',
  'cookie' => 'think_var=zh-cn; PHPSESSID=avsok9l14h728k44doff141l10',
  'connection' => 'keep-alive',
  'upgrade-insecure-requests' => '1',
)
[ info ] [ PARAM ] array (
)
[ info ] [ RUN ] Method [ <user> public method user ] {
  @@ F:\soft\phpStudy\WWW\github\fruits\fruits\application\home\controller\Userinfo.php 8 - 15
}

[ info ] [ SESSION ] INIT array (
  'id' => '',
  'var_session_id' => '',
  'prefix' => '',
  'type' => '',
  'auto_start' => true,
)
[ info ] [ DB ] INIT mysql
[ info ] [ VIEW ] F:\soft\phpStudy\WWW\github\fruits\fruits\public/../application/home\view\userinfo\user.html [ array (
  0 => 'one',
) ]
[ info ] [ LOG ] INIT File
[ sql ] [ DB ] CONNECT:[ UseTime:0.028848s ] mysql:dbname=fruits;host=101.200.41.87;charset=utf8
[ sql ] [ SQL ] SHOW COLUMNS FROM `sg_user` [ RunTime:0.018041s ]
[ sql ] [ SQL ] SELECT * FROM `sg_user` WHERE  (  u_tel = 18762036831 )  [ RunTime:0.021213s ]

---------------------------------------------------------------
[ 2017-04-26T09:27:42+08:00 ] ::1 ::1 GET /github/fruits/fruits/public/index.php/home/fruits/classifyin.html
[ log ] localhost/github/fruits/fruits/public/index.php/home/fruits/classifyin.html [运行时间：0.837119s][吞吐率：1.19req/s] [内存消耗：2,061.41kb] [文件加载：43]
[ info ] [ ROUTE ] array (
  'type' => 'module',
  'module' => 
  array (
    0 => 'home',
    1 => 'fruits',
    2 => 'classifyin',
  ),
)
[ info ] [ HEADER ] array (
  'host' => 'localhost',
  'user-agent' => 'Mozilla/5.0 (Windows NT 10.0; Win64; x64; rv:53.0) Gecko/20100101 Firefox/53.0',
  'accept' => 'text/html,application/xhtml+xml,application/xml;q=0.9,*/*;q=0.8',
  'accept-language' => 'zh-CN,zh;q=0.8,en-US;q=0.5,en;q=0.3',
  'accept-encoding' => 'gzip, deflate',
  'referer' => 'http://localhost/github/fruits/fruits/public/index.php/home/userinfo/user.html',
  'cookie' => 'think_var=zh-cn; PHPSESSID=avsok9l14h728k44doff141l10',
  'connection' => 'keep-alive',
  'upgrade-insecure-requests' => '1',
)
[ info ] [ PARAM ] array (
)
[ info ] [ RUN ] Method [ <user> public method classifyin ] {
  @@ F:\soft\phpStudy\WWW\github\fruits\fruits\application\home\controller\Fruits.php 192 - 206
}

[ info ] [ DB ] INIT mysql
[ info ] [ DB ] INIT mysql
[ info ] [ VIEW ] F:\soft\phpStudy\WWW\github\fruits\fruits\public/../application/home\view\fruits\classifyin.html [ array (
  0 => 'arr',
  1 => 'data',
  2 => 'a',
) ]
[ info ] [ SESSION ] INIT array (
  'id' => '',
  'var_session_id' => '',
  'prefix' => '',
  'type' => '',
  'auto_start' => true,
)
[ info ] [ LOG ] INIT File
[ sql ] [ DB ] CONNECT:[ UseTime:0.315779s ] mysql:dbname=fruits;host=101.200.41.87;charset=utf8
[ sql ] [ SQL ] SHOW COLUMNS FROM `sg_fruits` [ RunTime:0.012193s ]
[ sql ] [ SQL ] SELECT * FROM `sg_fruits` INNER JOIN sg_type ON sg_fruits.t_id = sg_type.t_id  WHERE  (  is_show =1  ) ORDER BY f_time desc LIMIT 6   [ RunTime:0.016175s ]
[ sql ] [ DB ] CONNECT:[ UseTime:0.126406s ] mysql:dbname=fruits;host=101.200.41.87;charset=utf8
[ sql ] [ SQL ] SHOW COLUMNS FROM `sg_type` [ RunTime:0.064038s ]
[ sql ] [ SQL ] SELECT * FROM `sg_type`  [ RunTime:0.087635s ]

---------------------------------------------------------------
[ 2017-04-26T09:27:42+08:00 ] ::1 ::1 GET /github/fruits/fruits/public/uploads/20170425/26bdf37371d79b460d9a788be1654a3c.jpg
[ log ] localhost/github/fruits/fruits/public/uploads/20170425/26bdf37371d79b460d9a788be1654a3c.jpg [运行时间：0.041054s][吞吐率：24.36req/s] [内存消耗：916.53kb] [文件加载：29]
[ info ] [ ROUTE ] array (
  'type' => 'module',
  'module' => 
  array (
    0 => 'github',
    1 => 'fruits',
    2 => 'fruits',
  ),
)
[ info ] [ HEADER ] array (
  'host' => 'localhost',
  'user-agent' => 'Mozilla/5.0 (Windows NT 10.0; Win64; x64; rv:53.0) Gecko/20100101 Firefox/53.0',
  'accept' => '*/*',
  'accept-language' => 'zh-CN,zh;q=0.8,en-US;q=0.5,en;q=0.3',
  'accept-encoding' => 'gzip, deflate',
  'referer' => 'http://localhost/github/fruits/fruits/public/index.php/home/fruits/classifyin.html',
  'cookie' => 'think_var=zh-cn; PHPSESSID=avsok9l14h728k44doff141l10',
  'connection' => 'keep-alive',
)
[ info ] [ PARAM ] array (
  '/uploads/20170425/26bdf37371d79b460d9a788be1654a3c_jpg' => '',
  'public' => 'uploads',
  0 => '26bdf37371d79b460d9a788be1654a3c.jpg',
)
[ info ] [ LANG ] F:\soft\phpStudy\WWW\github\fruits\fruits\framework\lang\zh-cn.php
[ info ] [ LOG ] INIT File

---------------------------------------------------------------
[ 2017-04-26T09:27:47+08:00 ] ::1 ::1 GET /github/fruits/fruits/public/index.php/home/fruits/index.html
[ log ] localhost/github/fruits/fruits/public/index.php/home/fruits/index.html [运行时间：0.397610s][吞吐率：2.52req/s] [内存消耗：1,894.02kb] [文件加载：41]
[ info ] [ ROUTE ] array (
  'type' => 'module',
  'module' => 
  array (
    0 => 'home',
    1 => 'fruits',
    2 => 'index',
  ),
)
[ info ] [ HEADER ] array (
  'host' => 'localhost',
  'user-agent' => 'Mozilla/5.0 (Windows NT 10.0; Win64; x64; rv:53.0) Gecko/20100101 Firefox/53.0',
  'accept' => 'text/html,application/xhtml+xml,application/xml;q=0.9,*/*;q=0.8',
  'accept-language' => 'zh-CN,zh;q=0.8,en-US;q=0.5,en;q=0.3',
  'accept-encoding' => 'gzip, deflate',
  'referer' => 'http://localhost/github/fruits/fruits/public/index.php/home/fruits/classifyin.html',
  'cookie' => 'think_var=zh-cn; PHPSESSID=avsok9l14h728k44doff141l10',
  'connection' => 'keep-alive',
  'upgrade-insecure-requests' => '1',
)
[ info ] [ PARAM ] array (
)
[ info ] [ RUN ] Method [ <user> public method index ] {
  @@ F:\soft\phpStudy\WWW\github\fruits\fruits\application\home\controller\Fruits.php 10 - 26
}

[ info ] [ DB ] INIT mysql
[ info ] [ VIEW ] F:\soft\phpStudy\WWW\github\fruits\fruits\public/../application/home\view\fruits\index.html [ array (
  0 => 'arr',
  1 => 'a',
) ]
[ info ] [ SESSION ] INIT array (
  'id' => '',
  'var_session_id' => '',
  'prefix' => '',
  'type' => '',
  'auto_start' => true,
)
[ info ] [ LOG ] INIT File
[ sql ] [ DB ] CONNECT:[ UseTime:0.246086s ] mysql:dbname=fruits;host=101.200.41.87;charset=utf8
[ sql ] [ SQL ] SHOW COLUMNS FROM `sg_fruits` [ RunTime:0.014936s ]
[ sql ] [ SQL ] SELECT * FROM `sg_fruits` WHERE  (  is_show =1 ) ORDER BY f_time desc LIMIT 6   [ RunTime:0.012189s ]

---------------------------------------------------------------
[ 2017-04-26T09:27:47+08:00 ] ::1 ::1 GET /github/fruits/fruits/public/uploads/20170425/26bdf37371d79b460d9a788be1654a3c.jpg
[ log ] localhost/github/fruits/fruits/public/uploads/20170425/26bdf37371d79b460d9a788be1654a3c.jpg [运行时间：0.038148s][吞吐率：26.21req/s] [内存消耗：916.58kb] [文件加载：29]
[ info ] [ ROUTE ] array (
  'type' => 'module',
  'module' => 
  array (
    0 => 'github',
    1 => 'fruits',
    2 => 'fruits',
  ),
)
[ info ] [ HEADER ] array (
  'host' => 'localhost',
  'user-agent' => 'Mozilla/5.0 (Windows NT 10.0; Win64; x64; rv:53.0) Gecko/20100101 Firefox/53.0',
  'accept' => '*/*',
  'accept-language' => 'zh-CN,zh;q=0.8,en-US;q=0.5,en;q=0.3',
  'accept-encoding' => 'gzip, deflate',
  'referer' => 'http://localhost/github/fruits/fruits/public/index.php/home/fruits/index.html',
  'cookie' => 'think_var=zh-cn; PHPSESSID=avsok9l14h728k44doff141l10',
  'connection' => 'keep-alive',
)
[ info ] [ PARAM ] array (
  '/uploads/20170425/26bdf37371d79b460d9a788be1654a3c_jpg' => '',
  'public' => 'uploads',
  0 => '26bdf37371d79b460d9a788be1654a3c.jpg',
)
[ info ] [ LANG ] F:\soft\phpStudy\WWW\github\fruits\fruits\framework\lang\zh-cn.php
[ info ] [ LOG ] INIT File

---------------------------------------------------------------
[ 2017-04-26T09:27:48+08:00 ] ::1 ::1 GET /github/fruits/fruits/public/uploads/20170425/26bdf37371d79b460d9a788be1654a3c.jpg
[ log ] localhost/github/fruits/fruits/public/uploads/20170425/26bdf37371d79b460d9a788be1654a3c.jpg [运行时间：0.048426s][吞吐率：20.65req/s] [内存消耗：916.58kb] [文件加载：29]
[ info ] [ ROUTE ] array (
  'type' => 'module',
  'module' => 
  array (
    0 => 'github',
    1 => 'fruits',
    2 => 'fruits',
  ),
)
[ info ] [ HEADER ] array (
  'host' => 'localhost',
  'user-agent' => 'Mozilla/5.0 (Windows NT 10.0; Win64; x64; rv:53.0) Gecko/20100101 Firefox/53.0',
  'accept' => '*/*',
  'accept-language' => 'zh-CN,zh;q=0.8,en-US;q=0.5,en;q=0.3',
  'accept-encoding' => 'gzip, deflate',
  'referer' => 'http://localhost/github/fruits/fruits/public/index.php/home/fruits/index.html',
  'cookie' => 'think_var=zh-cn; PHPSESSID=avsok9l14h728k44doff141l10',
  'connection' => 'keep-alive',
)
[ info ] [ PARAM ] array (
  '/uploads/20170425/26bdf37371d79b460d9a788be1654a3c_jpg' => '',
  'public' => 'uploads',
  0 => '26bdf37371d79b460d9a788be1654a3c.jpg',
)
[ info ] [ LANG ] F:\soft\phpStudy\WWW\github\fruits\fruits\framework\lang\zh-cn.php
[ info ] [ LOG ] INIT File

---------------------------------------------------------------
[ 2017-04-26T09:27:51+08:00 ] ::1 ::1 GET /github/fruits/fruits/public/index.php/home/cart/index.html
[ log ] localhost/github/fruits/fruits/public/index.php/home/cart/index.html [运行时间：0.281031s][吞吐率：3.56req/s] [内存消耗：2,006.55kb] [文件加载：43]
[ info ] [ ROUTE ] array (
  'type' => 'module',
  'module' => 
  array (
    0 => 'home',
    1 => 'cart',
    2 => 'index',
  ),
)
[ info ] [ HEADER ] array (
  'host' => 'localhost',
  'user-agent' => 'Mozilla/5.0 (Windows NT 10.0; Win64; x64; rv:53.0) Gecko/20100101 Firefox/53.0',
  'accept' => 'text/html,application/xhtml+xml,application/xml;q=0.9,*/*;q=0.8',
  'accept-language' => 'zh-CN,zh;q=0.8,en-US;q=0.5,en;q=0.3',
  'accept-encoding' => 'gzip, deflate',
  'referer' => 'http://localhost/github/fruits/fruits/public/index.php/home/fruits/index.html',
  'cookie' => 'think_var=zh-cn; PHPSESSID=avsok9l14h728k44doff141l10',
  'connection' => 'keep-alive',
  'upgrade-insecure-requests' => '1',
)
[ info ] [ PARAM ] array (
)
[ info ] [ RUN ] Method [ <user> public method index ] {
  @@ F:\soft\phpStudy\WWW\github\fruits\fruits\application\home\controller\Cart.php 11 - 33
}

[ info ] [ SESSION ] INIT array (
  'id' => '',
  'var_session_id' => '',
  'prefix' => '',
  'type' => '',
  'auto_start' => true,
)
[ info ] [ DB ] INIT mysql
[ info ] [ VIEW ] F:\soft\phpStudy\WWW\github\fruits\fruits\public/../application/home\view\cart\index.html [ array (
  0 => 'data',
  1 => 'money',
) ]
[ info ] [ LOG ] INIT File
[ sql ] [ DB ] CONNECT:[ UseTime:0.072773s ] mysql:dbname=fruits;host=101.200.41.87;charset=utf8
[ sql ] [ SQL ] SHOW COLUMNS FROM `sg_fruits` [ RunTime:0.061008s ]
[ sql ] [ SQL ] SELECT a.f_id,`f_name`,`f_img`,`f_weight`,`m_price`,`f_num`,w.u_id FROM sg_fruits a INNER JOIN sg_cart w ON a.f_id = w.f_id  WHERE  `u_id` = 23  [ RunTime:0.056242s ]

---------------------------------------------------------------
[ 2017-04-26T09:28:06+08:00 ] ::1 ::1 GET /github/fruits/fruits/public/index.php/home/fruits/index.html
[ log ] localhost/github/fruits/fruits/public/index.php/home/fruits/index.html [运行时间：0.341061s][吞吐率：2.93req/s] [内存消耗：1,894.03kb] [文件加载：41]
[ info ] [ ROUTE ] array (
  'type' => 'module',
  'module' => 
  array (
    0 => 'home',
    1 => 'fruits',
    2 => 'index',
  ),
)
[ info ] [ HEADER ] array (
  'host' => 'localhost',
  'user-agent' => 'Mozilla/5.0 (Windows NT 10.0; Win64; x64; rv:53.0) Gecko/20100101 Firefox/53.0',
  'accept' => 'text/html,application/xhtml+xml,application/xml;q=0.9,*/*;q=0.8',
  'accept-language' => 'zh-CN,zh;q=0.8,en-US;q=0.5,en;q=0.3',
  'accept-encoding' => 'gzip, deflate',
  'referer' => 'http://localhost/github/fruits/fruits/public/index.php/home/cart/index.html',
  'cookie' => 'think_var=zh-cn; PHPSESSID=avsok9l14h728k44doff141l10',
  'connection' => 'keep-alive',
  'upgrade-insecure-requests' => '1',
)
[ info ] [ PARAM ] array (
)
[ info ] [ RUN ] Method [ <user> public method index ] {
  @@ F:\soft\phpStudy\WWW\github\fruits\fruits\application\home\controller\Fruits.php 10 - 26
}

[ info ] [ DB ] INIT mysql
[ info ] [ VIEW ] F:\soft\phpStudy\WWW\github\fruits\fruits\public/../application/home\view\fruits\index.html [ array (
  0 => 'arr',
  1 => 'a',
) ]
[ info ] [ SESSION ] INIT array (
  'id' => '',
  'var_session_id' => '',
  'prefix' => '',
  'type' => '',
  'auto_start' => true,
)
[ info ] [ LOG ] INIT File
[ sql ] [ DB ] CONNECT:[ UseTime:0.231162s ] mysql:dbname=fruits;host=101.200.41.87;charset=utf8
[ sql ] [ SQL ] SHOW COLUMNS FROM `sg_fruits` [ RunTime:0.033315s ]
[ sql ] [ SQL ] SELECT * FROM `sg_fruits` WHERE  (  is_show =1 ) ORDER BY f_time desc LIMIT 6   [ RunTime:0.021439s ]

---------------------------------------------------------------
[ 2017-04-26T09:28:06+08:00 ] ::1 ::1 GET /github/fruits/fruits/public/uploads/20170425/26bdf37371d79b460d9a788be1654a3c.jpg
[ log ] localhost/github/fruits/fruits/public/uploads/20170425/26bdf37371d79b460d9a788be1654a3c.jpg [运行时间：0.039680s][吞吐率：25.20req/s] [内存消耗：916.60kb] [文件加载：29]
[ info ] [ ROUTE ] array (
  'type' => 'module',
  'module' => 
  array (
    0 => 'github',
    1 => 'fruits',
    2 => 'fruits',
  ),
)
[ info ] [ HEADER ] array (
  'host' => 'localhost',
  'user-agent' => 'Mozilla/5.0 (Windows NT 10.0; Win64; x64; rv:53.0) Gecko/20100101 Firefox/53.0',
  'accept' => '*/*',
  'accept-language' => 'zh-CN,zh;q=0.8,en-US;q=0.5,en;q=0.3',
  'accept-encoding' => 'gzip, deflate',
  'referer' => 'http://localhost/github/fruits/fruits/public/index.php/home/fruits/index.html',
  'cookie' => 'think_var=zh-cn; PHPSESSID=avsok9l14h728k44doff141l10',
  'connection' => 'keep-alive',
)
[ info ] [ PARAM ] array (
  '/uploads/20170425/26bdf37371d79b460d9a788be1654a3c_jpg' => '',
  'public' => 'uploads',
  0 => '26bdf37371d79b460d9a788be1654a3c.jpg',
)
[ info ] [ LANG ] F:\soft\phpStudy\WWW\github\fruits\fruits\framework\lang\zh-cn.php
[ info ] [ LOG ] INIT File

---------------------------------------------------------------
